[MM] Tuning (706,5120) x (5120,13824) dtype=float16 on rocm
2025-10-01 22:03:59 [INFO] Logging directory: ./log/mm_ms/rocm_mm_706_13824_5120/logs
2025-10-01 22:04:04 [INFO] [task_scheduler.cc:159] Initializing Task #0: "mm"
2025-10-01 22:04:04 [INFO] [task_scheduler.cc:320] 
 ID | Name |        FLOP | Weight | Speed (GFLOPS) | Latency (us) | Weighted Latency (us) | Trials | Done 
----------------------------------------------------------------------------------------------------------
  0 |   mm | 99939778560 |      1 |            N/A |          N/A |                   N/A |      0 |      
----------------------------------------------------------------------------------------------------------
Total trials: 0
Total latency (us): 0

2025-10-01 22:04:04 [INFO] [task_scheduler.cc:180] TaskScheduler picks Task #0: "mm"
2025-10-01 22:04:20 [INFO] [task_scheduler.cc:193] Sending 64 sample(s) to builder
error: <unknown>:0:0: stack frame size (152512) exceeds limit (131056) in function 'mm_kernel'
2025-10-01 22:04:29 [INFO] [task_scheduler.cc:195] Sending 64 sample(s) to runner
2025-10-01 22:13:50 [DEBUG] XGB iter   0: tr-p-rmse: 0.800470	tr-a-peak@32: 0.661253	tr-rmse: 0.493261	tr-rmse: 0.493261
2025-10-01 22:13:52 [DEBUG] XGB iter  25: tr-p-rmse: 0.052868	tr-a-peak@32: 1.000000	tr-rmse: 0.513374	tr-rmse: 0.513374
2025-10-01 22:13:52 [DEBUG] XGB iter  50: tr-p-rmse: 0.052868	tr-a-peak@32: 1.000000	tr-rmse: 0.513374	tr-rmse: 0.513374
2025-10-01 22:13:52 [DEBUG] XGB stopped. Best iteration: [12] tr-p-rmse:0.05287	tr-a-peak@32:1.00000	tr-rmse:0.51337	tr-rmse:0.51337 
2025-10-01 22:13:52 [INFO] [task_scheduler.cc:237] [Updated] Task #0: "mm"
2025-10-01 22:13:52 [INFO] [task_scheduler.cc:320] 
 ID | Name |        FLOP | Weight | Speed (GFLOPS) | Latency (us) | Weighted Latency (us) | Trials | Done 
----------------------------------------------------------------------------------------------------------
  0 |   mm | 99939778560 |      1 |     38423.7503 |    2600.9897 |             2600.9897 |     64 |      
----------------------------------------------------------------------------------------------------------
Total trials: 64
Total latency (us): 2600.99

2025-10-01 22:13:52 [INFO] [task_scheduler.cc:180] TaskScheduler picks Task #0: "mm"
2025-10-01 22:14:07 [INFO] [task_scheduler.cc:193] Sending 64 sample(s) to builder
2025-10-01 22:14:47 [INFO] [task_scheduler.cc:195] Sending 64 sample(s) to runner
2025-10-01 22:22:33 [DEBUG] XGB validation: p-rmse: 0.252157	a-peak@32: 0.891285
2025-10-01 22:22:33 [DEBUG] XGB iter   0: tr-p-rmse: 0.732628	tr-a-peak@32: 1.000000	tr-rmse: 0.444843	tr-rmse: 0.444843
2025-10-01 22:22:33 [DEBUG] XGB iter  25: tr-p-rmse: 0.058391	tr-a-peak@32: 1.000000	tr-rmse: 0.460098	tr-rmse: 0.460098
2025-10-01 22:22:33 [DEBUG] XGB iter  50: tr-p-rmse: 0.058391	tr-a-peak@32: 1.000000	tr-rmse: 0.460098	tr-rmse: 0.460098
2025-10-01 22:22:33 [DEBUG] XGB stopped. Best iteration: [13] tr-p-rmse:0.05839	tr-a-peak@32:1.00000	tr-rmse:0.46010	tr-rmse:0.46010 
2025-10-01 22:22:33 [INFO] [task_scheduler.cc:237] [Updated] Task #0: "mm"
2025-10-01 22:22:33 [INFO] [task_scheduler.cc:320] 
 ID | Name |        FLOP | Weight | Speed (GFLOPS) | Latency (us) | Weighted Latency (us) | Trials | Done 
----------------------------------------------------------------------------------------------------------
  0 |   mm | 99939778560 |      1 |     38423.7503 |    2600.9897 |             2600.9897 |    128 |      
----------------------------------------------------------------------------------------------------------
Total trials: 128
Total latency (us): 2600.99

2025-10-01 22:22:33 [INFO] [task_scheduler.cc:260] Task #0 has finished. Remaining task(s): 0
2025-10-01 22:22:33 [INFO] [task_scheduler.cc:320] 
 ID | Name |        FLOP | Weight | Speed (GFLOPS) | Latency (us) | Weighted Latency (us) | Trials | Done 
----------------------------------------------------------------------------------------------------------
  0 |   mm | 99939778560 |      1 |     38423.7503 |    2600.9897 |             2600.9897 |    128 |    Y 
----------------------------------------------------------------------------------------------------------
Total trials: 128
Total latency (us): 2600.99

[MS] Tuning Time (min): 18.62
 ID |                                        Name | Time (min) | Percentage 
----------------------------------------------------------------------------
    |                                       Total |    18.5945 |   100.0000 
  1 |                                SendToRunner |    17.1108 |    92.0210 
  2 |                               SendToBuilder |     0.8115 |     4.3641 
  3 |                   EvoSearch/Evolve/Mutation |     0.2614 |     1.4056 
  4 |              EvoSearch/SampleInitPopulation |     0.2331 |     1.2538 
  5 |             MeasureCallback/UpdateCostModel |     0.0467 |     0.2510 
  6 |                       EvoSearch/Evolve/Misc |     0.0102 |     0.0546 
  7 |     EvoSearch/Evolve/PredictNormalizedScore |     0.0040 |     0.0213 
  8 |              EvoSearch/PickBestFromDatabase |     0.0036 |     0.0196 
  9 |               MeasureCallback/AddToDatabase |     0.0007 |     0.0036 
 10 |         MeasureCallback/RemoveBuildArtifact |     0.0004 |     0.0024 
 11 |                 EvoSearch/PickWithEpsGreedy |     0.0002 |     0.0013 
 12 |                           JoinRunnerFutures |     0.0000 |     0.0002 
 13 |                              InitializeTask |     0.0000 |     0.0001 
 14 | EvoSearch/Evolve/Misc/CopyMeasuredWorkloads |     0.0000 |     0.0000 
----------------------------------------------------------------------------
[MM] (706,5120) x (5120,13824) dtype=float16 -> median latency: 2.608 ms
TFLOPs: 38.31599067394235
=== Finished 706x13824x5120 in 1124 seconds ===
