Running M=8192 N=8192 K=8192 -> log/mm_ansor/log_8192_8192_8192.json
----------------------------------------------------------------------
------------------------------  [ Search ]
----------------------------------------------------------------------
Generate Sketches		#s: 1
Sample Initial Population	#s: 70	fail_ct: 4026	Time elapsed: 9.72
GA Iter: 0	Max score: 0.9960	Min score: 0.0024	#Pop: 70	#M+: 0	#M-: 0
GA Iter: 4	Max score: 1.0000	Min score: 0.9815	#Pop: 128	#M+: 1390	#M-: 0
EvolutionarySearch		#s: 128	Time elapsed: 47.32
----------------------------------------------------------------------
------------------------------  [ Measure ]
----------------------------------------------------------------------
error: <unknown>:0:0: stack frame size (524304) exceeds limit (131056) in function 'default_function_kernel'
error: <unknown>:0:0: stack frame size (131088) exceeds limit (131056) in function 'default_function_kernel'
error: <unknown>:0:0: stack frame size (1048592) exceeds limit (131056) in function 'default_function_kernel'
error: <unknown>:0:0: stack frame size (262944) exceeds limit (131056) in function 'default_function_kernel'
error: <unknown>:0:0: stack frame size (264224) exceeds limit (131056) in function 'default_function_kernel'
:0:rocdevice.cpp            :3014: 1401130554598d us:  Callback: Queue 0x7fa661b00000 Aborting with error : HSA_STATUS_ERROR_OUT_OF_RESOURCES: The runtime failed to allocate the necessary resources. This error may also occur when the core runtime library needs to spawn threads or create internal OS-specific events. Code: 0x1008 Available Free mem : 195570 MB
----------------------------------------------------------------------
------------------------------  [ Train cost model ]
----------------------------------------------------------------------
Time elapsed for training: 0.42 s
----------------------------------------------------------------------
------------------------------  [ Search ]
----------------------------------------------------------------------
Sample Initial Population	#s: 70	fail_ct: 4026	Time elapsed: 9.62
GA Iter: 0	Max score: 1.0000	Min score: 0.0079	#Pop: 70	#M+: 0	#M-: 0
GA Iter: 4	Max score: 1.0000	Min score: 0.9787	#Pop: 128	#M+: 1400	#M-: 0
EvolutionarySearch		#s: 128	Time elapsed: 47.33
----------------------------------------------------------------------
------------------------------  [ Measure ]
----------------------------------------------------------------------
error: <unknown>:0:0: stack frame size (131088) exceeds limit (131056) in function 'default_function_kernel'
error: <unknown>:0:0: stack frame size (131088) exceeds limit (131056) in function 'default_function_kernel'
error: <unknown>:0:0: stack frame size (262160) exceeds limit (131056) in function 'default_function_kernel'
error: <unknown>:0:0: stack frame size (131216) exceeds limit (131056) in function 'default_function_kernel'
error: <unknown>:0:0: stack frame size (131088) exceeds limit (131056) in function 'default_function_kernel'
error: <unknown>:0:0: stack frame size (131104) exceeds limit (131056) in function 'default_function_kernel'
error: <unknown>:0:0: stack frame size (1048592) exceeds limit (131056) in function 'default_function_kernel'
error: <unknown>:0:0: stack frame size (131424) exceeds limit (131056) in function 'default_function_kernel'
:0:rocdevice.cpp            :3014: 1401220256649d us:  Callback: Queue 0x7f4c97000000 Aborting with error : HSA_STATUS_ERROR_OUT_OF_RESOURCES: The runtime failed to allocate the necessary resources. This error may also occur when the core runtime library needs to spawn threads or create internal OS-specific events. Code: 0x1008 Available Free mem : 195570 MB
:0:rocdevice.cpp            :3014: 1401530899639d us:  Callback: Queue 0x7fd318400000 Aborting with error : HSA_STATUS_ERROR_OUT_OF_RESOURCES: The runtime failed to allocate the necessary resources. This error may also occur when the core runtime library needs to spawn threads or create internal OS-specific events. Code: 0x1008 Available Free mem : 195570 MB
:0:rocdevice.cpp            :3014: 1401613890945d us:  Callback: Queue 0x7f688ee00000 Aborting with error : HSA_STATUS_ERROR_OUT_OF_RESOURCES: The runtime failed to allocate the necessary resources. This error may also occur when the core runtime library needs to spawn threads or create internal OS-specific events. Code: 0x1008 Available Free mem : 195570 MB
:0:rocdevice.cpp            :3014: 1401852345853d us:  Callback: Queue 0x7f5140400000 Aborting with error : HSA_STATUS_ERROR_OUT_OF_RESOURCES: The runtime failed to allocate the necessary resources. This error may also occur when the core runtime library needs to spawn threads or create internal OS-specific events. Code: 0x1008 Available Free mem : 195570 MB
:0:rocdevice.cpp            :3014: 1402772758315d us:  Callback: Queue 0x7f8888c00000 Aborting with error : HSA_STATUS_ERROR_OUT_OF_RESOURCES: The runtime failed to allocate the necessary resources. This error may also occur when the core runtime library needs to spawn threads or create internal OS-specific events. Code: 0x1008 Available Free mem : 195570 MB
----------------------------------------------------------------------
------------------------------  [ Train cost model ]
----------------------------------------------------------------------
Time elapsed for training: 0.44 s
----------------------------------------------------------------------
------------------------------  [ Search ]
----------------------------------------------------------------------
Sample Initial Population	#s: 73	fail_ct: 4023	Time elapsed: 9.73
GA Iter: 0	Max score: 0.9078	Min score: -0.1023	#Pop: 73	#M+: 0	#M-: 0
GA Iter: 4	Max score: 1.0857	Min score: 0.9664	#Pop: 128	#M+: 1392	#M-: 0
EvolutionarySearch		#s: 128	Time elapsed: 46.72
----------------------------------------------------------------------
------------------------------  [ Measure ]
----------------------------------------------------------------------
----------------------------------------------------------------------
------------------------------  [ Train cost model ]
----------------------------------------------------------------------
Time elapsed for training: 0.45 s
----------------------------------------------------------------------
------------------------------  [ Search ]
----------------------------------------------------------------------
Sample Initial Population	#s: 75	fail_ct: 4021	Time elapsed: 9.50
GA Iter: 0	Max score: 0.9169	Min score: -0.1038	#Pop: 75	#M+: 0	#M-: 0
GA Iter: 4	Max score: 1.0742	Min score: 0.9735	#Pop: 128	#M+: 1392	#M-: 0
EvolutionarySearch		#s: 128	Time elapsed: 48.58
----------------------------------------------------------------------
------------------------------  [ Measure ]
----------------------------------------------------------------------
error: <unknown>:0:0: stack frame size (131088) exceeds limit (131056) in function 'default_function_kernel'
----------------------------------------------------------------------
------------------------------  [ Train cost model ]
----------------------------------------------------------------------
Time elapsed for training: 5.45 s
----------------------------------------------------------------------
------------------------------  [ Search ]
----------------------------------------------------------------------
Sample Initial Population	#s: 95	fail_ct: 4001	Time elapsed: 9.56
GA Iter: 0	Max score: 0.7752	Min score: -0.0867	#Pop: 95	#M+: 0	#M-: 0
GA Iter: 4	Max score: 1.0003	Min score: 0.9574	#Pop: 128	#M+: 1391	#M-: 0
EvolutionarySearch		#s: 128	Time elapsed: 49.44
----------------------------------------------------------------------
------------------------------  [ Measure ]
----------------------------------------------------------------------
----------------------------------------------------------------------
------------------------------  [ Train cost model ]
----------------------------------------------------------------------
Time elapsed for training: 0.46 s
----------------------------------------------------------------------
------------------------------  [ Search ]
----------------------------------------------------------------------
Sample Initial Population	#s: 77	fail_ct: 4019	Time elapsed: 9.70
GA Iter: 0	Max score: 0.9459	Min score: -0.2472	#Pop: 77	#M+: 0	#M-: 0
GA Iter: 4	Max score: 0.9943	Min score: 0.9583	#Pop: 128	#M+: 1402	#M-: 0
EvolutionarySearch		#s: 128	Time elapsed: 49.81
----------------------------------------------------------------------
------------------------------  [ Measure ]
----------------------------------------------------------------------
----------------------------------------------------------------------
------------------------------  [ Train cost model ]
----------------------------------------------------------------------
Time elapsed for training: 0.48 s
----------------------------------------------------------------------
------------------------------  [ Search ]
----------------------------------------------------------------------
Sample Initial Population	#s: 86	fail_ct: 4010	Time elapsed: 9.77
GA Iter: 0	Max score: 0.8066	Min score: -0.2225	#Pop: 86	#M+: 0	#M-: 0
GA Iter: 4	Max score: 0.9933	Min score: 0.9450	#Pop: 128	#M+: 1388	#M-: 0
EvolutionarySearch		#s: 128	Time elapsed: 50.43
----------------------------------------------------------------------
------------------------------  [ Measure ]
----------------------------------------------------------------------
----------------------------------------------------------------------
------------------------------  [ Train cost model ]
----------------------------------------------------------------------
Time elapsed for training: 0.47 s
----------------------------------------------------------------------
------------------------------  [ Search ]
----------------------------------------------------------------------
Sample Initial Population	#s: 85	fail_ct: 4011	Time elapsed: 9.45
GA Iter: 0	Max score: 0.7120	Min score: -0.1860	#Pop: 85	#M+: 0	#M-: 0
GA Iter: 4	Max score: 0.9791	Min score: 0.9347	#Pop: 128	#M+: 1398	#M-: 0
EvolutionarySearch		#s: 128	Time elapsed: 50.45
----------------------------------------------------------------------
------------------------------  [ Measure ]
----------------------------------------------------------------------
----------------------------------------------------------------------
------------------------------  [ Done ]
----------------------------------------------------------------------
Time spent: [0.010859, 0.0108624, 0.0108638]
Config: {'i': [['["ansor_mm", 8192, 8192, 8192, "float16"]', 'rocm -keys=rocm,gpu -max_num_threads=256 -max_shared_memory_per_block=49152 -max_threads_per_block=1024 -mcpu=gfx942 -model=unknown -mtriple=amdgcn-amd-amdhsa-hcc -thread_warp_size=64', [-1, 16, 64, 65536, 2147483647, 1024, 16, 64], 'llvm -keys=cpu -mtriple=x86_64-unknown-linux-gnu', 0, []], [[], [['CHW', 2, 'local'], ['SP', 2, 0, 8192, [4, 16, 2, 1], 1], ['SP', 2, 5, 8192, [2, 16, 4, 2], 1], ['SP', 2, 10, 8192, [4, 4], 1], ['RE', 2, [0, 5, 1, 6, 2, 7, 10, 11, 3, 8, 12, 4, 9]], ['FSP', 3, 0, 1, 3], ['FSP', 3, 4, 2, 3], ['RE', 3, [0, 4, 1, 5, 2, 6, 3, 7]], ['CA', 2, 3, 5], ['CHR', 1, 'shared', [2]], ['CA', 2, 3, 6], ['CHR', 0, 'shared', [3]], ['CA', 1, 4, 6], ['FU', 5, [0, 1]], ['AN', 5, 0, 5], ['FU', 5, [1, 2]], ['AN', 5, 1, 4], ['FU', 5, [2, 3]], ['AN', 5, 2, 6], ['FU', 3, [0, 1]], ['SP', 3, 0, 4096, [2], 1], ['AN', 3, 1, 2], ['FFSP', 3, 0, [2, 1], 1, 1], ['AN', 3, 1, 6], ['FU', 1, [0, 1]], ['SP', 1, 0, 64, [2], 1], ['AN', 1, 1, 2], ['FFSP', 1, 0, [2, 1], 1, 1], ['AN', 1, 1, 6], ['PR', 4, 0, 'auto_unroll_max_step$1024']]]], 'r': [[0.010859, 0.0108624, 0.0108638], 0, 8.62914, 1759498536], 'v': 'v0.6'}
Time spent to search: 6686.531304836273
